# JRE version: OpenJDK Runtime Environment (11.0.12+7) (build 11.0.12+7-b1504.28-7817840)
# Java VM: OpenJDK 64-Bit Server VM (11.0.12+7-b1504.28-7817840, mixed mode, tiered, compressed oops, g1 gc, windows-amd64)
Heap:
 garbage-first heap   total 175104K, used 138668K [0x0000000080000000, 0x0000000100000000)
  region size 1024K, 19 young (19456K), 1 survivors (1024K)
 Metaspace       used 89189K, capacity 91463K, committed 91648K, reserved 1128448K
  class space    used 11682K, capacity 12518K, committed 12544K, reserved 1048576K
GC Heap History (20 events):
Event: 29.969 GC heap before
{Heap before GC invocations=68 (full 0):
 garbage-first heap   total 145408K, used 114773K [0x0000000080000000, 0x0000000100000000)
  region size 1024K, 19 young (19456K), 3 survivors (3072K)
 Metaspace       used 79490K, capacity 81456K, committed 81792K, reserved 1120256K
  class space    used 10301K, capacity 11010K, committed 11136K, reserved 1048576K
}
Event: 29.972 GC heap after
{Heap after GC invocations=69 (full 0):
 garbage-first heap   total 145408K, used 99297K [0x0000000080000000, 0x0000000100000000)
  region size 1024K, 3 young (3072K), 3 survivors (3072K)
 Metaspace       used 79490K, capacity 81456K, committed 81792K, reserved 1120256K
  class space    used 10301K, capacity 11010K, committed 11136K, reserved 1048576K
}
Event: 31.061 GC heap before
{Heap before GC invocations=69 (full 0):
 garbage-first heap   total 145408K, used 116705K [0x0000000080000000, 0x0000000100000000)
  region size 1024K, 20 young (20480K), 3 survivors (3072K)
 Metaspace       used 81422K, capacity 83347K, committed 83584K, reserved 1122304K
  class space    used 10614K, capacity 11313K, committed 11392K, reserved 1048576K
}
Event: 31.065 GC heap after
{Heap after GC invocations=70 (full 0):
 garbage-first heap   total 145408K, used 100352K [0x0000000080000000, 0x0000000100000000)
  region size 1024K, 2 young (2048K), 2 survivors (2048K)
 Metaspace       used 81422K, capacity 83347K, committed 83584K, reserved 1122304K
  class space    used 10614K, capacity 11313K, committed 11392K, reserved 1048576K
}
Event: 31.587 GC heap before
{Heap before GC invocations=71 (full 0):
 garbage-first heap   total 145408K, used 118784K [0x0000000080000000, 0x0000000100000000)
  region size 1024K, 20 young (20480K), 2 survivors (2048K)
 Metaspace       used 82005K, capacity 84011K, committed 84096K, reserved 1122304K
  class space    used 10687K, capacity 11383K, committed 11392K, reserved 1048576K
}
Event: 31.594 GC heap after
{Heap after GC invocations=72 (full 0):
 garbage-first heap   total 175104K, used 101649K [0x0000000080000000, 0x0000000100000000)
  region size 1024K, 3 young (3072K), 3 survivors (3072K)
 Metaspace       used 82005K, capacity 84011K, committed 84096K, reserved 1122304K
  class space    used 10687K, capacity 11383K, committed 11392K, reserved 1048576K
}
Event: 33.318 GC heap before
{Heap before GC invocations=72 (full 0):
 garbage-first heap   total 175104K, used 130321K [0x0000000080000000, 0x0000000100000000)
  region size 1024K, 31 young (31744K), 3 survivors (3072K)
 Metaspace       used 83806K, capacity 85884K, committed 86016K, reserved 1124352K
  class space    used 10946K, capacity 11721K, committed 11776K, reserved 1048576K
}
Event: 33.323 GC heap after
{Heap after GC invocations=73 (full 0):
 garbage-first heap   total 175104K, used 103343K [0x0000000080000000, 0x0000000100000000)
  region size 1024K, 3 young (3072K), 3 survivors (3072K)
 Metaspace       used 83806K, capacity 85884K, committed 86016K, reserved 1124352K
  class space    used 10946K, capacity 11721K, committed 11776K, reserved 1048576K
}
Event: 34.917 GC heap before
{Heap before GC invocations=74 (full 0):
 garbage-first heap   total 175104K, used 134063K [0x0000000080000000, 0x0000000100000000)
  region size 1024K, 33 young (33792K), 3 survivors (3072K)
 Metaspace       used 85423K, capacity 87553K, committed 87808K, reserved 1124352K
  class space    used 11151K, capacity 11915K, committed 12032K, reserved 1048576K
}
Event: 34.924 GC heap after
{Heap after GC invocations=75 (full 0):
 garbage-first heap   total 175104K, used 105775K [0x0000000080000000, 0x0000000100000000)
  region size 1024K, 4 young (4096K), 4 survivors (4096K)
 Metaspace       used 85423K, capacity 87553K, committed 87808K, reserved 1124352K
  class space    used 11151K, capacity 11915K, committed 12032K, reserved 1048576K
}
Event: 35.072 GC heap before
{Heap before GC invocations=75 (full 0):
 garbage-first heap   total 175104K, used 107823K [0x0000000080000000, 0x0000000100000000)
  region size 1024K, 7 young (7168K), 4 survivors (4096K)
 Metaspace       used 85774K, capacity 87937K, committed 88064K, reserved 1126400K
  class space    used 11191K, capacity 11979K, committed 12032K, reserved 1048576K
}
Event: 35.078 GC heap after
{Heap after GC invocations=76 (full 0):
 garbage-first heap   total 175104K, used 105946K [0x0000000080000000, 0x0000000100000000)
  region size 1024K, 3 young (3072K), 3 survivors (3072K)
 Metaspace       used 85774K, capacity 87937K, committed 88064K, reserved 1126400K
  class space    used 11191K, capacity 11979K, committed 12032K, reserved 1048576K
}
Event: 35.306 GC heap before
{Heap before GC invocations=77 (full 0):
 garbage-first heap   total 175104K, used 111066K [0x0000000080000000, 0x0000000100000000)
  region size 1024K, 4 young (4096K), 3 survivors (3072K)
 Metaspace       used 85774K, capacity 87937K, committed 88064K, reserved 1126400K
  class space    used 11191K, capacity 11979K, committed 12032K, reserved 1048576K
}
Event: 35.311 GC heap after
{Heap after GC invocations=78 (full 0):
 garbage-first heap   total 175104K, used 111686K [0x0000000080000000, 0x0000000100000000)
  region size 1024K, 1 young (1024K), 1 survivors (1024K)
 Metaspace       used 85774K, capacity 87937K, committed 88064K, reserved 1126400K
  class space    used 11191K, capacity 11979K, committed 12032K, reserved 1048576K
}
Event: 35.744 GC heap before
{Heap before GC invocations=79 (full 0):
 garbage-first heap   total 175104K, used 113734K [0x0000000080000000, 0x0000000100000000)
  region size 1024K, 3 young (3072K), 1 survivors (1024K)
 Metaspace       used 85777K, capacity 87941K, committed 88064K, reserved 1126400K
  class space    used 11191K, capacity 11979K, committed 12032K, reserved 1048576K
}
Event: 35.746 GC heap after
{Heap after GC invocations=80 (full 0):
 garbage-first heap   total 175104K, used 113325K [0x0000000080000000, 0x0000000100000000)
  region size 1024K, 2 young (2048K), 2 survivors (2048K)
 Metaspace       used 85777K, capacity 87941K, committed 88064K, reserved 1126400K
  class space    used 11191K, capacity 11979K, committed 12032K, reserved 1048576K
}
Event: 37.670 GC heap before
{Heap before GC invocations=81 (full 0):
 garbage-first heap   total 175104K, used 136877K [0x0000000080000000, 0x0000000100000000)
  region size 1024K, 21 young (21504K), 2 survivors (2048K)
 Metaspace       used 87179K, capacity 89427K, committed 89600K, reserved 1126400K
  class space    used 11412K, capacity 12229K, committed 12288K, reserved 1048576K
}
Event: 37.674 GC heap after
{Heap after GC invocations=82 (full 0):
 garbage-first heap   total 175104K, used 120137K [0x0000000080000000, 0x0000000100000000)
  region size 1024K, 3 young (3072K), 3 survivors (3072K)
 Metaspace       used 87179K, capacity 89427K, committed 89600K, reserved 1126400K
  class space    used 11412K, capacity 12229K, committed 12288K, reserved 1048576K
}
Event: 38.805 GC heap before
{Heap before GC invocations=82 (full 0):
 garbage-first heap   total 175104K, used 138569K [0x0000000080000000, 0x0000000100000000)
  region size 1024K, 21 young (21504K), 3 survivors (3072K)
 Metaspace       used 87724K, capacity 89987K, committed 90240K, reserved 1126400K
  class space    used 11484K, capacity 12308K, committed 12416K, reserved 1048576K
}
Event: 38.808 GC heap after
{Heap after GC invocations=83 (full 0):
 garbage-first heap   total 175104K, used 121260K [0x0000000080000000, 0x0000000100000000)
  region size 1024K, 1 young (1024K), 1 survivors (1024K)
 Metaspace       used 87724K, capacity 89987K, committed 90240K, reserved 1126400K
  class space    used 11484K, capacity 12308K, committed 12416K, reserved 1048576K
}

