# JRE version: OpenJDK Runtime Environment (11.0.12+7) (build 11.0.12+7-b1504.28-7817840)
# Java VM: OpenJDK 64-Bit Server VM (11.0.12+7-b1504.28-7817840, mixed mode, tiered, compressed oops, g1 gc, windows-amd64)
Heap:
 garbage-first heap   total 523264K, used 269023K [0x0000000080000000, 0x0000000100000000)
  region size 1024K, 1 young (1024K), 1 survivors (1024K)
 Metaspace       used 126045K, capacity 128784K, committed 129068K, reserved 1161216K
  class space    used 15562K, capacity 16649K, committed 16768K, reserved 1048576K
GC Heap History (20 events):
Event: 86.476 GC heap after
{Heap after GC invocations=87 (full 0):
 garbage-first heap   total 219136K, used 200383K [0x0000000080000000, 0x0000000100000000)
  region size 1024K, 2 young (2048K), 2 survivors (2048K)
 Metaspace       used 125847K, capacity 128649K, committed 128812K, reserved 1161216K
  class space    used 15559K, capacity 16649K, committed 16768K, reserved 1048576K
}
Event: 86.548 GC heap before
{Heap before GC invocations=87 (full 0):
 garbage-first heap   total 219136K, used 207551K [0x0000000080000000, 0x0000000100000000)
  region size 1024K, 10 young (10240K), 2 survivors (2048K)
 Metaspace       used 125847K, capacity 128649K, committed 128812K, reserved 1161216K
  class space    used 15559K, capacity 16649K, committed 16768K, reserved 1048576K
}
Event: 86.558 GC heap after
{Heap after GC invocations=88 (full 0):
 garbage-first heap   total 279552K, used 208565K [0x0000000080000000, 0x0000000100000000)
  region size 1024K, 2 young (2048K), 2 survivors (2048K)
 Metaspace       used 125847K, capacity 128649K, committed 128812K, reserved 1161216K
  class space    used 15559K, capacity 16649K, committed 16768K, reserved 1048576K
}
Event: 86.682 GC heap before
{Heap before GC invocations=88 (full 0):
 garbage-first heap   total 279552K, used 223925K [0x0000000080000000, 0x0000000100000000)
  region size 1024K, 17 young (17408K), 2 survivors (2048K)
 Metaspace       used 125847K, capacity 128649K, committed 128812K, reserved 1161216K
  class space    used 15559K, capacity 16649K, committed 16768K, reserved 1048576K
}
Event: 86.690 GC heap after
{Heap after GC invocations=89 (full 0):
 garbage-first heap   total 279552K, used 224609K [0x0000000080000000, 0x0000000100000000)
  region size 1024K, 3 young (3072K), 3 survivors (3072K)
 Metaspace       used 125847K, capacity 128649K, committed 128812K, reserved 1161216K
  class space    used 15559K, capacity 16649K, committed 16768K, reserved 1048576K
}
Event: 86.717 GC heap before
{Heap before GC invocations=89 (full 0):
 garbage-first heap   total 279552K, used 234849K [0x0000000080000000, 0x0000000100000000)
  region size 1024K, 13 young (13312K), 3 survivors (3072K)
 Metaspace       used 125847K, capacity 128649K, committed 128812K, reserved 1161216K
  class space    used 15559K, capacity 16649K, committed 16768K, reserved 1048576K
}
Event: 86.727 GC heap after
{Heap after GC invocations=90 (full 0):
 garbage-first heap   total 279552K, used 236032K [0x0000000080000000, 0x0000000100000000)
  region size 1024K, 2 young (2048K), 2 survivors (2048K)
 Metaspace       used 125847K, capacity 128649K, committed 128812K, reserved 1161216K
  class space    used 15559K, capacity 16649K, committed 16768K, reserved 1048576K
}
Event: 86.746 GC heap before
{Heap before GC invocations=90 (full 0):
 garbage-first heap   total 279552K, used 247296K [0x0000000080000000, 0x0000000100000000)
  region size 1024K, 13 young (13312K), 2 survivors (2048K)
 Metaspace       used 125847K, capacity 128649K, committed 128812K, reserved 1161216K
  class space    used 15559K, capacity 16649K, committed 16768K, reserved 1048576K
}
Event: 86.758 GC heap after
{Heap after GC invocations=91 (full 0):
 garbage-first heap   total 279552K, used 248832K [0x0000000080000000, 0x0000000100000000)
  region size 1024K, 2 young (2048K), 2 survivors (2048K)
 Metaspace       used 125847K, capacity 128649K, committed 128812K, reserved 1161216K
  class space    used 15559K, capacity 16649K, committed 16768K, reserved 1048576K
}
Event: 87.136 GC heap before
{Heap before GC invocations=92 (full 0):
 garbage-first heap   total 279552K, used 260096K [0x0000000080000000, 0x0000000100000000)
  region size 1024K, 13 young (13312K), 2 survivors (2048K)
 Metaspace       used 125874K, capacity 128713K, committed 129068K, reserved 1161216K
  class space    used 15559K, capacity 16649K, committed 16768K, reserved 1048576K
}
Event: 87.142 GC heap after
{Heap after GC invocations=93 (full 0):
 garbage-first heap   total 346112K, used 252928K [0x0000000080000000, 0x0000000100000000)
  region size 1024K, 2 young (2048K), 2 survivors (2048K)
 Metaspace       used 125874K, capacity 128713K, committed 129068K, reserved 1161216K
  class space    used 15559K, capacity 16649K, committed 16768K, reserved 1048576K
}
Event: 87.296 GC heap before
{Heap before GC invocations=93 (full 0):
 garbage-first heap   total 346112K, used 272384K [0x0000000080000000, 0x0000000100000000)
  region size 1024K, 21 young (21504K), 2 survivors (2048K)
 Metaspace       used 125920K, capacity 128718K, committed 129068K, reserved 1161216K
  class space    used 15559K, capacity 16649K, committed 16768K, reserved 1048576K
}
Event: 87.308 GC heap after
{Heap after GC invocations=94 (full 0):
 garbage-first heap   total 346112K, used 264462K [0x0000000080000000, 0x0000000100000000)
  region size 1024K, 3 young (3072K), 3 survivors (3072K)
 Metaspace       used 125920K, capacity 128718K, committed 129068K, reserved 1161216K
  class space    used 15559K, capacity 16649K, committed 16768K, reserved 1048576K
}
Event: 87.357 GC heap before
{Heap before GC invocations=94 (full 0):
 garbage-first heap   total 346112K, used 279822K [0x0000000080000000, 0x0000000100000000)
  region size 1024K, 18 young (18432K), 3 survivors (3072K)
 Metaspace       used 125920K, capacity 128718K, committed 129068K, reserved 1161216K
  class space    used 15559K, capacity 16649K, committed 16768K, reserved 1048576K
}
Event: 87.365 GC heap after
{Heap after GC invocations=95 (full 0):
 garbage-first heap   total 346112K, used 279987K [0x0000000080000000, 0x0000000100000000)
  region size 1024K, 3 young (3072K), 3 survivors (3072K)
 Metaspace       used 125920K, capacity 128718K, committed 129068K, reserved 1161216K
  class space    used 15559K, capacity 16649K, committed 16768K, reserved 1048576K
}
Event: 87.386 GC heap before
{Heap before GC invocations=95 (full 0):
 garbage-first heap   total 346112K, used 293299K [0x0000000080000000, 0x0000000100000000)
  region size 1024K, 16 young (16384K), 3 survivors (3072K)
 Metaspace       used 125920K, capacity 128718K, committed 129068K, reserved 1161216K
  class space    used 15559K, capacity 16649K, committed 16768K, reserved 1048576K
}
Event: 87.397 GC heap after
{Heap after GC invocations=96 (full 0):
 garbage-first heap   total 346112K, used 293888K [0x0000000080000000, 0x0000000100000000)
  region size 1024K, 2 young (2048K), 2 survivors (2048K)
 Metaspace       used 125920K, capacity 128718K, committed 129068K, reserved 1161216K
  class space    used 15559K, capacity 16649K, committed 16768K, reserved 1048576K
}
Event: 87.433 GC heap before
{Heap before GC invocations=96 (full 0):
 garbage-first heap   total 346112K, used 308224K [0x0000000080000000, 0x0000000100000000)
  region size 1024K, 16 young (16384K), 2 survivors (2048K)
 Metaspace       used 125920K, capacity 128718K, committed 129068K, reserved 1161216K
  class space    used 15559K, capacity 16649K, committed 16768K, reserved 1048576K
}
Event: 87.446 GC heap after
{Heap after GC invocations=97 (full 0):
 garbage-first heap   total 346112K, used 306176K [0x0000000080000000, 0x0000000100000000)
  region size 1024K, 2 young (2048K), 2 survivors (2048K)
 Metaspace       used 125920K, capacity 128718K, committed 129068K, reserved 1161216K
  class space    used 15559K, capacity 16649K, committed 16768K, reserved 1048576K
}
Event: 87.813 GC heap before
{Heap before GC invocations=98 (full 0):
 garbage-first heap   total 346112K, used 281600K [0x0000000080000000, 0x0000000100000000)
  region size 1024K, 16 young (16384K), 2 survivors (2048K)
 Metaspace       used 126045K, capacity 128784K, committed 129068K, reserved 1161216K
  class space    used 15562K, capacity 16649K, committed 16768K, reserved 1048576K
}

