# JRE version: OpenJDK Runtime Environment (11.0.12+7) (build 11.0.12+7-b1504.28-7817840)
# Java VM: OpenJDK 64-Bit Server VM (11.0.12+7-b1504.28-7817840, mixed mode, tiered, compressed oops, g1 gc, windows-amd64)
Heap:
 garbage-first heap   total 120832K, used 42611K [0x0000000080000000, 0x0000000100000000)
  region size 1024K, 9 young (9216K), 6 survivors (6144K)
 Metaspace       used 41462K, capacity 42531K, committed 42828K, reserved 1087488K
  class space    used 5265K, capacity 5632K, committed 5708K, reserved 1048576K
GC Heap History (18 events):
Event: 2.964 GC heap before
{Heap before GC invocations=0 (full 0):
 garbage-first heap   total 120832K, used 20480K [0x0000000080000000, 0x0000000100000000)
  region size 1024K, 14 young (14336K), 0 survivors (0K)
 Metaspace       used 6746K, capacity 6933K, committed 7168K, reserved 1056768K
  class space    used 582K, capacity 650K, committed 768K, reserved 1048576K
}
Event: 2.968 GC heap after
{Heap after GC invocations=1 (full 0):
 garbage-first heap   total 120832K, used 7572K [0x0000000080000000, 0x0000000100000000)
  region size 1024K, 2 young (2048K), 2 survivors (2048K)
 Metaspace       used 6746K, capacity 6933K, committed 7168K, reserved 1056768K
  class space    used 582K, capacity 650K, committed 768K, reserved 1048576K
}
Event: 3.557 GC heap before
{Heap before GC invocations=1 (full 0):
 garbage-first heap   total 120832K, used 19860K [0x0000000080000000, 0x0000000100000000)
  region size 1024K, 14 young (14336K), 2 survivors (2048K)
 Metaspace       used 9902K, capacity 10126K, committed 10368K, reserved 1058816K
  class space    used 1028K, capacity 1102K, committed 1152K, reserved 1048576K
}
Event: 3.560 GC heap after
{Heap after GC invocations=2 (full 0):
 garbage-first heap   total 120832K, used 9239K [0x0000000080000000, 0x0000000100000000)
  region size 1024K, 2 young (2048K), 2 survivors (2048K)
 Metaspace       used 9902K, capacity 10126K, committed 10368K, reserved 1058816K
  class space    used 1028K, capacity 1102K, committed 1152K, reserved 1048576K
}
Event: 4.032 GC heap before
{Heap before GC invocations=2 (full 0):
 garbage-first heap   total 120832K, used 40983K [0x0000000080000000, 0x0000000100000000)
  region size 1024K, 32 young (32768K), 2 survivors (2048K)
 Metaspace       used 10881K, capacity 11081K, committed 11264K, reserved 1058816K
  class space    used 1131K, capacity 1207K, committed 1280K, reserved 1048576K
}
Event: 4.035 GC heap after
{Heap after GC invocations=3 (full 0):
 garbage-first heap   total 120832K, used 11466K [0x0000000080000000, 0x0000000100000000)
  region size 1024K, 4 young (4096K), 4 survivors (4096K)
 Metaspace       used 10881K, capacity 11081K, committed 11264K, reserved 1058816K
  class space    used 1131K, capacity 1207K, committed 1280K, reserved 1048576K
}
Event: 15.421 GC heap before
{Heap before GC invocations=3 (full 0):
 garbage-first heap   total 120832K, used 61642K [0x0000000080000000, 0x0000000100000000)
  region size 1024K, 53 young (54272K), 4 survivors (4096K)
 Metaspace       used 19244K, capacity 19644K, committed 19968K, reserved 1067008K
  class space    used 2310K, capacity 2456K, committed 2560K, reserved 1048576K
}
Event: 15.488 GC heap after
{Heap after GC invocations=4 (full 0):
 garbage-first heap   total 120832K, used 16214K [0x0000000080000000, 0x0000000100000000)
  region size 1024K, 7 young (7168K), 7 survivors (7168K)
 Metaspace       used 19244K, capacity 19644K, committed 19968K, reserved 1067008K
  class space    used 2310K, capacity 2456K, committed 2560K, reserved 1048576K
}
Event: 15.887 GC heap before
{Heap before GC invocations=4 (full 0):
 garbage-first heap   total 120832K, used 31574K [0x0000000080000000, 0x0000000100000000)
  region size 1024K, 23 young (23552K), 7 survivors (7168K)
 Metaspace       used 20688K, capacity 21157K, committed 21248K, reserved 1067008K
  class space    used 2533K, capacity 2726K, committed 2816K, reserved 1048576K
}
Event: 15.892 GC heap after
{Heap after GC invocations=5 (full 0):
 garbage-first heap   total 120832K, used 17412K [0x0000000080000000, 0x0000000100000000)
  region size 1024K, 5 young (5120K), 5 survivors (5120K)
 Metaspace       used 20688K, capacity 21157K, committed 21248K, reserved 1067008K
  class space    used 2533K, capacity 2726K, committed 2816K, reserved 1048576K
}
Event: 17.410 GC heap before
{Heap before GC invocations=6 (full 0):
 garbage-first heap   total 120832K, used 62468K [0x0000000080000000, 0x0000000100000000)
  region size 1024K, 49 young (50176K), 5 survivors (5120K)
 Metaspace       used 25603K, capacity 26118K, committed 26368K, reserved 1073152K
  class space    used 3281K, capacity 3469K, committed 3584K, reserved 1048576K
}
Event: 17.415 GC heap after
{Heap after GC invocations=7 (full 0):
 garbage-first heap   total 120832K, used 19471K [0x0000000080000000, 0x0000000100000000)
  region size 1024K, 3 young (3072K), 3 survivors (3072K)
 Metaspace       used 25603K, capacity 26118K, committed 26368K, reserved 1073152K
  class space    used 3281K, capacity 3469K, committed 3584K, reserved 1048576K
}
Event: 18.347 GC heap before
{Heap before GC invocations=7 (full 0):
 garbage-first heap   total 120832K, used 77839K [0x0000000080000000, 0x0000000100000000)
  region size 1024K, 50 young (51200K), 3 survivors (3072K)
 Metaspace       used 29957K, capacity 30810K, committed 30976K, reserved 1075200K
  class space    used 3975K, capacity 4288K, committed 4352K, reserved 1048576K
}
Event: 18.352 GC heap after
{Heap after GC invocations=8 (full 0):
 garbage-first heap   total 120832K, used 33836K [0x0000000080000000, 0x0000000100000000)
  region size 1024K, 7 young (7168K), 7 survivors (7168K)
 Metaspace       used 29957K, capacity 30810K, committed 30976K, reserved 1075200K
  class space    used 3975K, capacity 4288K, committed 4352K, reserved 1048576K
}
Event: 18.890 GC heap before
{Heap before GC invocations=8 (full 0):
 garbage-first heap   total 120832K, used 68652K [0x0000000080000000, 0x0000000100000000)
  region size 1024K, 42 young (43008K), 7 survivors (7168K)
 Metaspace       used 34855K, capacity 35785K, committed 35840K, reserved 1081344K
  class space    used 4644K, capacity 4987K, committed 4992K, reserved 1048576K
}
Event: 18.899 GC heap after
{Heap after GC invocations=9 (full 0):
 garbage-first heap   total 120832K, used 35964K [0x0000000080000000, 0x0000000100000000)
  region size 1024K, 3 young (3072K), 3 survivors (3072K)
 Metaspace       used 34855K, capacity 35785K, committed 35840K, reserved 1081344K
  class space    used 4644K, capacity 4987K, committed 4992K, reserved 1048576K
}
Event: 20.885 GC heap before
{Heap before GC invocations=10 (full 0):
 garbage-first heap   total 120832K, used 84092K [0x0000000080000000, 0x0000000100000000)
  region size 1024K, 48 young (49152K), 3 survivors (3072K)
 Metaspace       used 41248K, capacity 42372K, committed 42572K, reserved 1085440K
  class space    used 5242K, capacity 5623K, committed 5708K, reserved 1048576K
}
Event: 20.894 GC heap after
{Heap after GC invocations=11 (full 0):
 garbage-first heap   total 120832K, used 40563K [0x0000000080000000, 0x0000000100000000)
  region size 1024K, 6 young (6144K), 6 survivors (6144K)
 Metaspace       used 41248K, capacity 42372K, committed 42572K, reserved 1085440K
  class space    used 5242K, capacity 5623K, committed 5708K, reserved 1048576K
}

